<?xml version="1.0" encoding="UTF-8"?>
<!-- Generated by org.testng.reporters.JUnitXMLReporter -->
<testsuite ignored="1" hostname="BRILAP1776" failures="0" tests="1" name="Default test" time="19.553" errors="0" timestamp="2022-05-31T09:52:21 IST">
  <testcase classname="com.brillio.test.LoginTest" name="invalidCredentialTest" time="19.481"/>
  <testcase classname="com.brillio.test.LoginTest" name="validCredentialTest" time="0.0">
    <ignored/>
  </testcase> <!-- validCredentialTest -->
</testsuite> <!-- Default test -->
