<?xml version="1.0" encoding="UTF-8"?>
<!-- Generated by org.testng.reporters.JUnitXMLReporter -->
<testsuite ignored="0" hostname="BRILAP1776" failures="0" tests="5" name="Default test" time="87.44" errors="0" timestamp="2022-06-01T09:41:14 IST">
  <testcase classname="com.brillio.test.LoginTest" name="invalidCredentialTest" time="2.706"/>
  <testcase classname="com.brillio.test.LoginTest" name="invalidCredentialTest" time="2.176"/>
  <testcase classname="com.brillio.test.LoginTest" name="invalidCredentialTest" time="4.45"/>
  <testcase classname="com.brillio.test.LoginTest" name="validCredentialTest" time="7.31"/>
  <testcase classname="com.brillio.test.LoginTest" name="validCredentialTest" time="7.091"/>
</testsuite> <!-- Default test -->
