<?xml version="1.0" encoding="UTF-8"?>
<testng-results ignored="1" total="4" passed="3" failed="0" skipped="0">
  <reporter-output>
  </reporter-output>
  <suite started-at="2022-06-03T10:29:54 IST" name="Default suite" finished-at="2022-06-03T10:31:07 IST" duration-ms="73611">
    <groups>
    </groups>
    <test started-at="2022-06-03T10:29:54 IST" name="Default test" finished-at="2022-06-03T10:31:07 IST" duration-ms="73611">
      <class name="com.brillio.test.LoginTest">
        <test-method is-config="true" signature="init()[pri:0, instance:com.brillio.test.LoginTest@942a29c]" started-at="2022-06-03T10:29:53 IST" name="init" finished-at="2022-06-03T10:29:54 IST" duration-ms="624" status="PASS">
          <reporter-output>
          </reporter-output>
        </test-method> <!-- init -->
        <test-method is-config="true" signature="setup(java.lang.String,java.lang.reflect.Method)[pri:0, instance:com.brillio.test.LoginTest@942a29c]" started-at="2022-06-03T10:29:55 IST" name="setup" finished-at="2022-06-03T10:30:10 IST" duration-ms="15038" status="PASS">
          <params>
            <param index="0">
              <value>
                <![CDATA[ch]]>
              </value>
            </param>
            <param index="1">
              <value>
                <![CDATA[public void com.brillio.test.LoginTest.validCredentialTest(java.lang.String,java.lang.String,java.lang.String,java.lang.String)]]>
              </value>
            </param>
          </params>
          <reporter-output>
          </reporter-output>
        </test-method> <!-- setup -->
        <test-method signature="validCredentialTest(java.lang.String,java.lang.String,java.lang.String,java.lang.String)[pri:0, instance:com.brillio.test.LoginTest@942a29c]" started-at="2022-06-03T10:30:10 IST" name="validCredentialTest" data-provider="commonDataProvider" finished-at="2022-06-03T10:30:25 IST" duration-ms="14604" status="PASS">
          <params>
            <param index="0">
              <value>
                <![CDATA[admin]]>
              </value>
            </param>
            <param index="1">
              <value>
                <![CDATA[pass]]>
              </value>
            </param>
            <param index="2">
              <value>
                <![CDATA[English (Indian)]]>
              </value>
            </param>
            <param index="3">
              <value>
                <![CDATA[OpenEMR]]>
              </value>
            </param>
          </params>
          <reporter-output>
          </reporter-output>
        </test-method> <!-- validCredentialTest -->
        <test-method is-config="true" signature="teardown(org.testng.ITestResult)[pri:0, instance:com.brillio.test.LoginTest@942a29c]" started-at="2022-06-03T10:30:25 IST" name="teardown" finished-at="2022-06-03T10:30:26 IST" duration-ms="1385" status="PASS">
          <params>
            <param index="0">
              <value>
                <![CDATA[[TestResult name=validCredentialTest status=SUCCESS method=LoginTest.validCredentialTest(java.lang.String,java.lang.String,java.lang.String,java.lang.String)[pri:0, instance:com.brillio.test.LoginTest@942a29c] output={null}]]]>
              </value>
            </param>
          </params>
          <reporter-output>
          </reporter-output>
        </test-method> <!-- teardown -->
        <test-method is-config="true" signature="setup(java.lang.String,java.lang.reflect.Method)[pri:0, instance:com.brillio.test.LoginTest@942a29c]" started-at="2022-06-03T10:30:26 IST" name="setup" finished-at="2022-06-03T10:30:37 IST" duration-ms="10588" status="PASS">
          <params>
            <param index="0">
              <value>
                <![CDATA[ch]]>
              </value>
            </param>
            <param index="1">
              <value>
                <![CDATA[public void com.brillio.test.LoginTest.validCredentialTest(java.lang.String,java.lang.String,java.lang.String,java.lang.String)]]>
              </value>
            </param>
          </params>
          <reporter-output>
          </reporter-output>
        </test-method> <!-- setup -->
        <test-method signature="validCredentialTest(java.lang.String,java.lang.String,java.lang.String,java.lang.String)[pri:0, instance:com.brillio.test.LoginTest@942a29c]" started-at="2022-06-03T10:30:37 IST" name="validCredentialTest" data-provider="commonDataProvider" finished-at="2022-06-03T10:30:46 IST" duration-ms="9671" status="PASS">
          <params>
            <param index="0">
              <value>
                <![CDATA[physician]]>
              </value>
            </param>
            <param index="1">
              <value>
                <![CDATA[physician]]>
              </value>
            </param>
            <param index="2">
              <value>
                <![CDATA[English (Indian)]]>
              </value>
            </param>
            <param index="3">
              <value>
                <![CDATA[OpenEMR]]>
              </value>
            </param>
          </params>
          <reporter-output>
          </reporter-output>
        </test-method> <!-- validCredentialTest -->
        <test-method is-config="true" signature="teardown(org.testng.ITestResult)[pri:0, instance:com.brillio.test.LoginTest@942a29c]" started-at="2022-06-03T10:30:46 IST" name="teardown" finished-at="2022-06-03T10:30:48 IST" duration-ms="1424" status="PASS">
          <params>
            <param index="0">
              <value>
                <![CDATA[[TestResult name=validCredentialTest status=SUCCESS method=LoginTest.validCredentialTest(java.lang.String,java.lang.String,java.lang.String,java.lang.String)[pri:0, instance:com.brillio.test.LoginTest@942a29c] output={null}]]]>
              </value>
            </param>
          </params>
          <reporter-output>
          </reporter-output>
        </test-method> <!-- teardown -->
        <test-method is-config="true" signature="setup(java.lang.String,java.lang.reflect.Method)[pri:0, instance:com.brillio.test.LoginTest@942a29c]" started-at="2022-06-03T10:30:48 IST" name="setup" finished-at="2022-06-03T10:30:58 IST" duration-ms="10777" status="PASS">
          <params>
            <param index="0">
              <value>
                <![CDATA[ch]]>
              </value>
            </param>
            <param index="1">
              <value>
                <![CDATA[public void com.brillio.test.LoginTest.validCredentialTest(java.lang.String,java.lang.String,java.lang.String,java.lang.String)]]>
              </value>
            </param>
          </params>
          <reporter-output>
          </reporter-output>
        </test-method> <!-- setup -->
        <test-method signature="validCredentialTest(java.lang.String,java.lang.String,java.lang.String,java.lang.String)[pri:0, instance:com.brillio.test.LoginTest@942a29c]" started-at="2022-06-03T10:30:58 IST" name="validCredentialTest" data-provider="commonDataProvider" finished-at="2022-06-03T10:31:05 IST" duration-ms="6993" status="PASS">
          <params>
            <param index="0">
              <value>
                <![CDATA[accountant]]>
              </value>
            </param>
            <param index="1">
              <value>
                <![CDATA[accountant]]>
              </value>
            </param>
            <param index="2">
              <value>
                <![CDATA[English (Indian)]]>
              </value>
            </param>
            <param index="3">
              <value>
                <![CDATA[OpenEMR]]>
              </value>
            </param>
          </params>
          <reporter-output>
          </reporter-output>
        </test-method> <!-- validCredentialTest -->
        <test-method is-config="true" signature="teardown(org.testng.ITestResult)[pri:0, instance:com.brillio.test.LoginTest@942a29c]" started-at="2022-06-03T10:31:05 IST" name="teardown" finished-at="2022-06-03T10:31:07 IST" duration-ms="1691" status="PASS">
          <params>
            <param index="0">
              <value>
                <![CDATA[[TestResult name=validCredentialTest status=SUCCESS method=LoginTest.validCredentialTest(java.lang.String,java.lang.String,java.lang.String,java.lang.String)[pri:0, instance:com.brillio.test.LoginTest@942a29c] output={null}]]]>
              </value>
            </param>
          </params>
          <reporter-output>
          </reporter-output>
        </test-method> <!-- teardown -->
        <test-method is-config="true" signature="end()[pri:0, instance:com.brillio.test.LoginTest@942a29c]" started-at="2022-06-03T10:31:07 IST" name="end" finished-at="2022-06-03T10:31:08 IST" duration-ms="1012" status="PASS">
          <reporter-output>
          </reporter-output>
        </test-method> <!-- end -->
      </class> <!-- com.brillio.test.LoginTest -->
    </test> <!-- Default test -->
  </suite> <!-- Default suite -->
</testng-results>
